  imgui_impl_glfw.cpp
  imgui_impl_vulkan.cpp
  imgui.cpp
  imgui_demo.cpp
  imgui_draw.cpp
  imgui_tables.cpp
  imgui_widgets.cpp
  Window.cpp
  main.cpp
  GLM_GTX_hash requires C++11 standard library support
  VulkanDevice.cpp
D:\VulkanEngine\PacificaEngine\src\renderer\VulkanPlatform.h(83,15): error C3646: 'deviceBuilder': unknown override specifier
  (compiling source file 'src/renderer/VulkanDevice.cpp')
  
D:\VulkanEngine\PacificaEngine\src\renderer\VulkanPlatform.h(83,28): error C4430: missing type specifier - int assumed. Note: C++ does not support default-int
  (compiling source file 'src/renderer/VulkanDevice.cpp')
  
D:\VulkanEngine\PacificaEngine\src\renderer\VulkanDevice.cpp(28,13): error C3861: 'isDeviceSuitable': identifier not found
D:\VulkanEngine\PacificaEngine\src\renderer\VulkanDevice.cpp(80,5): error C2065: 'QueueFamilyIndices': undeclared identifier
D:\VulkanEngine\PacificaEngine\src\renderer\VulkanDevice.cpp(80,24): error C2146: syntax error: missing ';' before identifier 'indices'
D:\VulkanEngine\PacificaEngine\src\renderer\VulkanDevice.cpp(80,24): error C2065: 'indices': undeclared identifier
D:\VulkanEngine\PacificaEngine\src\renderer\VulkanDevice.cpp(80,34): error C3861: 'findQueueFamilies': identifier not found
D:\VulkanEngine\PacificaEngine\src\renderer\VulkanDevice.cpp(82,32): error C3861: 'checkDeviceExtensionSupport': identifier not found
D:\VulkanEngine\PacificaEngine\src\renderer\VulkanDevice.cpp(94,12): error C2065: 'indices': undeclared identifier
  VulkanInstance.cpp
D:\VulkanEngine\PacificaEngine\src\renderer\VulkanInstance.cpp(147,34): error C2561: 'VulkanInstance::setupDebugMessenger': function must return a value
      D:\VulkanEngine\PacificaEngine\src\renderer\VulkanInstance.cpp(144,42):
      see declaration of 'VulkanInstance::setupDebugMessenger'
  
  VulkanPipeline.cpp
  VulkanPlatform.cpp
  VulkanSurface.cpp
  VulkanSwapchain.cpp
  Generating Code...
D:\VulkanEngine\PacificaEngine\src\renderer\VulkanSwapchain.cpp(166): error C4716: 'createImageViews': must return a value
